----------------------------------------
Timestamp: 2/22/2016 10:34:07 AM

Message: HandlingInstanceID: 507e51ff-cc4d-40dd-83f6-420351eba03e
An exception of type 'System.NullReferenceException' occurred and was caught.
-----------------------------------------------------------------------------
02/22/2016 11:34:07
Type : System.NullReferenceException, mscorlib, Version=4.0.0.0, Culture=neutral, PublicKeyToken=b77a5c561934e089
Message : Object reference not set to an instance of an object.
Source : Telerik.Sitefinity
Help link : 
Data : System.Collections.ListDictionaryInternal
TargetSite : Void VerifySectionRegistered(System.Type, System.String)
HResult : -2147467261
Stack Trace :    at Telerik.Sitefinity.Configuration.Config.VerifySectionRegistered(Type sectionType, String sectionName)
   at Telerik.Sitefinity.Configuration.Config.GetSectionInternal(Type sectionType, Boolean safeMode, String sectionName)
   at Telerik.Sitefinity.Configuration.Config.GetSectionPrivate(Type sectionType, Boolean safeMode, String sectionName)
   at Telerik.Sitefinity.Configuration.Config.GetSectionPrivate[TSection](Boolean safeMode)
   at Telerik.Sitefinity.Localization.ResourceManager.get_ProvidersSettings()
   at Telerik.Sitefinity.Data.ManagerBase`1.GetProvidersSettings()
   at Telerik.Sitefinity.Data.ManagerBase`1.Initialize()

Additional Info:

MachineName : RETSINA
TimeStamp : 2/22/2016 10:34:07 AM
FullName : Telerik.Sitefinity.Utilities, Version=8.2.5900.0, Culture=neutral, PublicKeyToken=b28c218413bdf563
AppDomainName : 90c8119-2-131006108425321777
ThreadIdentity : FENETRE\jessek
WindowsIdentity : FENETRE\jessek


Category: ErrorLog

Priority: 0

EventId: 90030

Severity: Error

Title:Enterprise Library Exception Handling

Machine: RETSINA

App Domain: 90c8119-2-131006108425321777

ProcessId: 13144

Process Name: C:\Program Files (x86)\Microsoft Visual Studio 12.0\Common7\IDE\Microsoft.VisualStudio.Web.Host.exe

Thread Name: 

Win32 ThreadId:7268

Extended Properties: 
----------------------------------------
----------------------------------------
Timestamp: 2/22/2016 10:34:08 AM

Message: HandlingInstanceID: c19fdfaf-4dc1-4e8b-a53e-36f5198e8ff8
An exception of type 'System.TypeInitializationException' occurred and was caught.
----------------------------------------------------------------------------------
02/22/2016 11:34:08
Type : System.TypeInitializationException, mscorlib, Version=4.0.0.0, Culture=neutral, PublicKeyToken=b77a5c561934e089
Message : The type initializer for 'Telerik.Sitefinity.Localization.Res' threw an exception.
Source : Unity_ILEmit_DynamicClasses
Help link : 
TypeName : Telerik.Sitefinity.Localization.Res
Data : System.Collections.ListDictionaryInternal
TargetSite : Void Initialize(System.String, System.Collections.Specialized.NameValueCollection, System.Type)
HResult : -2146233036
Stack Trace :    at DynamicModule.ns.Wrapped_OpenAccessMetaDataProvider_11f3167a0981431cb0330c7e382f6ffc.Initialize(String providerName, NameValueCollection config, Type managerType)
   at Telerik.Sitefinity.Data.ManagerBase`1.InstantiateProvider(IDataProviderSettings providerSettings, Type providerType, ExceptionPolicyName policy, ManagerBase`1 manager)

Additional Info:

MachineName : RETSINA
TimeStamp : 2/22/2016 10:34:08 AM
FullName : Telerik.Sitefinity.Utilities, Version=8.2.5900.0, Culture=neutral, PublicKeyToken=b28c218413bdf563
AppDomainName : 90c8119-2-131006108425321777
ThreadIdentity : FENETRE\jessek
WindowsIdentity : FENETRE\jessek
	Inner Exception
	---------------
	Type : System.NullReferenceException, mscorlib, Version=4.0.0.0, Culture=neutral, PublicKeyToken=b77a5c561934e089
	Message : Object reference not set to an instance of an object.
	Source : Telerik.Sitefinity
	Help link : 
	Data : System.Collections.ListDictionaryInternal
	TargetSite : Void VerifySectionRegistered(System.Type, System.String)
	HResult : -2147467261
	Stack Trace :    at Telerik.Sitefinity.Configuration.Config.VerifySectionRegistered(Type sectionType, String sectionName)
	   at Telerik.Sitefinity.Configuration.Config.GetSectionInternal(Type sectionType, Boolean safeMode, String sectionName)
	   at Telerik.Sitefinity.Configuration.Config.GetSectionPrivate(Type sectionType, Boolean safeMode, String sectionName)
	   at Telerik.Sitefinity.Configuration.Config.GetSectionPrivate[TSection](Boolean safeMode)
	   at Telerik.Sitefinity.Localization.ResourceManager.get_ProvidersSettings()
	   at Telerik.Sitefinity.Data.ManagerBase`1.GetProvidersSettings()
	   at Telerik.Sitefinity.Data.ManagerBase`1.Initialize()
	   at Telerik.Sitefinity.Data.ManagerBase`1..ctor(String providerName, String transactionName)
	   at Telerik.Sitefinity.Localization.ResourceManager..ctor()
	   at Telerik.Sitefinity.Localization.Res..cctor()



Category: ErrorLog

Priority: 0

EventId: 9010

Severity: Warning

Title:Enterprise Library Exception Handling

Machine: RETSINA

App Domain: 90c8119-2-131006108425321777

ProcessId: 13144

Process Name: C:\Program Files (x86)\Microsoft Visual Studio 12.0\Common7\IDE\Microsoft.VisualStudio.Web.Host.exe

Thread Name: 

Win32 ThreadId:7268

Extended Properties: 
----------------------------------------
----------------------------------------
Timestamp: 2/22/2016 10:34:08 AM

Message: HandlingInstanceID: b54431b6-de6f-4498-b2fb-6511a60cddd1
An exception of type 'System.TypeInitializationException' occurred and was caught.
----------------------------------------------------------------------------------
02/22/2016 11:34:08
Type : System.TypeInitializationException, mscorlib, Version=4.0.0.0, Culture=neutral, PublicKeyToken=b77a5c561934e089
Message : The type initializer for 'Telerik.Sitefinity.Localization.Res' threw an exception.
Source : Unity_ILEmit_DynamicClasses
Help link : 
TypeName : Telerik.Sitefinity.Localization.Res
Data : System.Collections.ListDictionaryInternal
TargetSite : Void Initialize(System.String, System.Collections.Specialized.NameValueCollection, System.Type)
HResult : -2146233036
Stack Trace :    at DynamicModule.ns.Wrapped_OpenAccessMetaDataProvider_11f3167a0981431cb0330c7e382f6ffc.Initialize(String providerName, NameValueCollection config, Type managerType)
   at Telerik.Sitefinity.Data.ManagerBase`1.InstantiateProvider(IDataProviderSettings providerSettings, Type providerType, ExceptionPolicyName policy, ManagerBase`1 manager)

Additional Info:

MachineName : RETSINA
TimeStamp : 2/22/2016 10:34:08 AM
FullName : Telerik.Sitefinity.Utilities, Version=8.2.5900.0, Culture=neutral, PublicKeyToken=b28c218413bdf563
AppDomainName : 90c8119-2-131006108425321777
ThreadIdentity : FENETRE\jessek
WindowsIdentity : FENETRE\jessek
	Inner Exception
	---------------
	Type : System.NullReferenceException, mscorlib, Version=4.0.0.0, Culture=neutral, PublicKeyToken=b77a5c561934e089
	Message : Object reference not set to an instance of an object.
	Source : Telerik.Sitefinity
	Help link : 
	Data : System.Collections.ListDictionaryInternal
	TargetSite : Void VerifySectionRegistered(System.Type, System.String)
	HResult : -2147467261
	Stack Trace :    at Telerik.Sitefinity.Configuration.Config.VerifySectionRegistered(Type sectionType, String sectionName)
	   at Telerik.Sitefinity.Configuration.Config.GetSectionInternal(Type sectionType, Boolean safeMode, String sectionName)
	   at Telerik.Sitefinity.Configuration.Config.GetSectionPrivate(Type sectionType, Boolean safeMode, String sectionName)
	   at Telerik.Sitefinity.Configuration.Config.GetSectionPrivate[TSection](Boolean safeMode)
	   at Telerik.Sitefinity.Localization.ResourceManager.get_ProvidersSettings()
	   at Telerik.Sitefinity.Data.ManagerBase`1.GetProvidersSettings()
	   at Telerik.Sitefinity.Data.ManagerBase`1.Initialize()
	   at Telerik.Sitefinity.Data.ManagerBase`1..ctor(String providerName, String transactionName)
	   at Telerik.Sitefinity.Localization.ResourceManager..ctor()
	   at Telerik.Sitefinity.Localization.Res..cctor()



Category: ErrorLog

Priority: 0

EventId: 90030

Severity: Error

Title:Enterprise Library Exception Handling

Machine: RETSINA

App Domain: 90c8119-2-131006108425321777

ProcessId: 13144

Process Name: C:\Program Files (x86)\Microsoft Visual Studio 12.0\Common7\IDE\Microsoft.VisualStudio.Web.Host.exe

Thread Name: 

Win32 ThreadId:7268

Extended Properties: 
----------------------------------------
----------------------------------------
Timestamp: 2/22/2016 10:34:08 AM

Message: HandlingInstanceID: 39260abe-966e-40b7-ba92-b512a12bfcc4
An exception of type 'System.TypeInitializationException' occurred and was caught.
----------------------------------------------------------------------------------
02/22/2016 11:34:08
Type : System.TypeInitializationException, mscorlib, Version=4.0.0.0, Culture=neutral, PublicKeyToken=b77a5c561934e089
Message : The type initializer for 'Telerik.Sitefinity.Localization.Res' threw an exception.
Source : Unity_ILEmit_DynamicClasses
Help link : 
TypeName : Telerik.Sitefinity.Localization.Res
Data : System.Collections.ListDictionaryInternal
TargetSite : Void Initialize(System.String, System.Collections.Specialized.NameValueCollection, System.Type)
HResult : -2146233036
Stack Trace :    at DynamicModule.ns.Wrapped_OpenAccessMetaDataProvider_11f3167a0981431cb0330c7e382f6ffc.Initialize(String providerName, NameValueCollection config, Type managerType)
   at Telerik.Sitefinity.Data.ManagerBase`1.InstantiateProvider(IDataProviderSettings providerSettings, Type providerType, ExceptionPolicyName policy, ManagerBase`1 manager)

Additional Info:

MachineName : RETSINA
TimeStamp : 2/22/2016 10:34:08 AM
FullName : Telerik.Sitefinity.Utilities, Version=8.2.5900.0, Culture=neutral, PublicKeyToken=b28c218413bdf563
AppDomainName : 90c8119-2-131006108425321777
ThreadIdentity : FENETRE\jessek
WindowsIdentity : FENETRE\jessek
	Inner Exception
	---------------
	Type : System.NullReferenceException, mscorlib, Version=4.0.0.0, Culture=neutral, PublicKeyToken=b77a5c561934e089
	Message : Object reference not set to an instance of an object.
	Source : Telerik.Sitefinity
	Help link : 
	Data : System.Collections.ListDictionaryInternal
	TargetSite : Void VerifySectionRegistered(System.Type, System.String)
	HResult : -2147467261
	Stack Trace :    at Telerik.Sitefinity.Configuration.Config.VerifySectionRegistered(Type sectionType, String sectionName)
	   at Telerik.Sitefinity.Configuration.Config.GetSectionInternal(Type sectionType, Boolean safeMode, String sectionName)
	   at Telerik.Sitefinity.Configuration.Config.GetSectionPrivate(Type sectionType, Boolean safeMode, String sectionName)
	   at Telerik.Sitefinity.Configuration.Config.GetSectionPrivate[TSection](Boolean safeMode)
	   at Telerik.Sitefinity.Localization.ResourceManager.get_ProvidersSettings()
	   at Telerik.Sitefinity.Data.ManagerBase`1.GetProvidersSettings()
	   at Telerik.Sitefinity.Data.ManagerBase`1.Initialize()
	   at Telerik.Sitefinity.Data.ManagerBase`1..ctor(String providerName, String transactionName)
	   at Telerik.Sitefinity.Localization.ResourceManager..ctor()
	   at Telerik.Sitefinity.Localization.Res..cctor()



Category: ErrorLog

Priority: 0

EventId: 90030

Severity: Error

Title:Enterprise Library Exception Handling

Machine: RETSINA

App Domain: 90c8119-2-131006108425321777

ProcessId: 13144

Process Name: C:\Program Files (x86)\Microsoft Visual Studio 12.0\Common7\IDE\Microsoft.VisualStudio.Web.Host.exe

Thread Name: 

Win32 ThreadId:7268

Extended Properties: 
----------------------------------------
----------------------------------------
Timestamp: 2/22/2016 10:34:08 AM

Message: HandlingInstanceID: 301c2838-835e-4979-9b85-e9762a7a03af
An exception of type 'System.TypeInitializationException' occurred and was caught.
----------------------------------------------------------------------------------
02/22/2016 11:34:08
Type : System.TypeInitializationException, mscorlib, Version=4.0.0.0, Culture=neutral, PublicKeyToken=b77a5c561934e089
Message : The type initializer for 'Telerik.Sitefinity.Localization.Res' threw an exception.
Source : Unity_ILEmit_DynamicClasses
Help link : 
TypeName : Telerik.Sitefinity.Localization.Res
Data : System.Collections.ListDictionaryInternal
TargetSite : Void Initialize(System.String, System.Collections.Specialized.NameValueCollection, System.Type)
HResult : -2146233036
Stack Trace :    at DynamicModule.ns.Wrapped_OpenAccessMetaDataProvider_11f3167a0981431cb0330c7e382f6ffc.Initialize(String providerName, NameValueCollection config, Type managerType)
   at Telerik.Sitefinity.Data.ManagerBase`1.InstantiateProvider(IDataProviderSettings providerSettings, Type providerType, ExceptionPolicyName policy, ManagerBase`1 manager)

Additional Info:

MachineName : RETSINA
TimeStamp : 2/22/2016 10:34:08 AM
FullName : Telerik.Sitefinity.Utilities, Version=8.2.5900.0, Culture=neutral, PublicKeyToken=b28c218413bdf563
AppDomainName : 90c8119-2-131006108425321777
ThreadIdentity : FENETRE\jessek
WindowsIdentity : FENETRE\jessek
	Inner Exception
	---------------
	Type : System.NullReferenceException, mscorlib, Version=4.0.0.0, Culture=neutral, PublicKeyToken=b77a5c561934e089
	Message : Object reference not set to an instance of an object.
	Source : Telerik.Sitefinity
	Help link : 
	Data : System.Collections.ListDictionaryInternal
	TargetSite : Void VerifySectionRegistered(System.Type, System.String)
	HResult : -2147467261
	Stack Trace :    at Telerik.Sitefinity.Configuration.Config.VerifySectionRegistered(Type sectionType, String sectionName)
	   at Telerik.Sitefinity.Configuration.Config.GetSectionInternal(Type sectionType, Boolean safeMode, String sectionName)
	   at Telerik.Sitefinity.Configuration.Config.GetSectionPrivate(Type sectionType, Boolean safeMode, String sectionName)
	   at Telerik.Sitefinity.Configuration.Config.GetSectionPrivate[TSection](Boolean safeMode)
	   at Telerik.Sitefinity.Localization.ResourceManager.get_ProvidersSettings()
	   at Telerik.Sitefinity.Data.ManagerBase`1.GetProvidersSettings()
	   at Telerik.Sitefinity.Data.ManagerBase`1.Initialize()
	   at Telerik.Sitefinity.Data.ManagerBase`1..ctor(String providerName, String transactionName)
	   at Telerik.Sitefinity.Localization.ResourceManager..ctor()
	   at Telerik.Sitefinity.Localization.Res..cctor()



Category: ErrorLog

Priority: 0

EventId: 90030

Severity: Error

Title:Enterprise Library Exception Handling

Machine: RETSINA

App Domain: 90c8119-2-131006108425321777

ProcessId: 13144

Process Name: C:\Program Files (x86)\Microsoft Visual Studio 12.0\Common7\IDE\Microsoft.VisualStudio.Web.Host.exe

Thread Name: 

Win32 ThreadId:7268

Extended Properties: 
----------------------------------------
----------------------------------------
Timestamp: 2/22/2016 10:34:08 AM

Message: HandlingInstanceID: d7fd29d8-13f3-4821-89c5-bcc99f46e586
An exception of type 'System.TypeInitializationException' occurred and was caught.
----------------------------------------------------------------------------------
02/22/2016 11:34:08
Type : System.TypeInitializationException, mscorlib, Version=4.0.0.0, Culture=neutral, PublicKeyToken=b77a5c561934e089
Message : The type initializer for 'Telerik.Sitefinity.Localization.Res' threw an exception.
Source : Unity_ILEmit_DynamicClasses
Help link : 
TypeName : Telerik.Sitefinity.Localization.Res
Data : System.Collections.ListDictionaryInternal
TargetSite : Void Initialize(System.String, System.Collections.Specialized.NameValueCollection, System.Type)
HResult : -2146233036
Stack Trace :    at DynamicModule.ns.Wrapped_OpenAccessMetaDataProvider_11f3167a0981431cb0330c7e382f6ffc.Initialize(String providerName, NameValueCollection config, Type managerType)
   at Telerik.Sitefinity.Data.ManagerBase`1.InstantiateProvider(IDataProviderSettings providerSettings, Type providerType, ExceptionPolicyName policy, ManagerBase`1 manager)

Additional Info:

MachineName : RETSINA
TimeStamp : 2/22/2016 10:34:08 AM
FullName : Telerik.Sitefinity.Utilities, Version=8.2.5900.0, Culture=neutral, PublicKeyToken=b28c218413bdf563
AppDomainName : 90c8119-2-131006108425321777
ThreadIdentity : FENETRE\jessek
WindowsIdentity : FENETRE\jessek
	Inner Exception
	---------------
	Type : System.NullReferenceException, mscorlib, Version=4.0.0.0, Culture=neutral, PublicKeyToken=b77a5c561934e089
	Message : Object reference not set to an instance of an object.
	Source : Telerik.Sitefinity
	Help link : 
	Data : System.Collections.ListDictionaryInternal
	TargetSite : Void VerifySectionRegistered(System.Type, System.String)
	HResult : -2147467261
	Stack Trace :    at Telerik.Sitefinity.Configuration.Config.VerifySectionRegistered(Type sectionType, String sectionName)
	   at Telerik.Sitefinity.Configuration.Config.GetSectionInternal(Type sectionType, Boolean safeMode, String sectionName)
	   at Telerik.Sitefinity.Configuration.Config.GetSectionPrivate(Type sectionType, Boolean safeMode, String sectionName)
	   at Telerik.Sitefinity.Configuration.Config.GetSectionPrivate[TSection](Boolean safeMode)
	   at Telerik.Sitefinity.Localization.ResourceManager.get_ProvidersSettings()
	   at Telerik.Sitefinity.Data.ManagerBase`1.GetProvidersSettings()
	   at Telerik.Sitefinity.Data.ManagerBase`1.Initialize()
	   at Telerik.Sitefinity.Data.ManagerBase`1..ctor(String providerName, String transactionName)
	   at Telerik.Sitefinity.Localization.ResourceManager..ctor()
	   at Telerik.Sitefinity.Localization.Res..cctor()



Category: ErrorLog

Priority: 0

EventId: 90030

Severity: Error

Title:Enterprise Library Exception Handling

Machine: RETSINA

App Domain: 90c8119-2-131006108425321777

ProcessId: 13144

Process Name: C:\Program Files (x86)\Microsoft Visual Studio 12.0\Common7\IDE\Microsoft.VisualStudio.Web.Host.exe

Thread Name: 

Win32 ThreadId:7268

Extended Properties: 
----------------------------------------
----------------------------------------
Timestamp: 2/22/2016 10:34:08 AM

Message: HandlingInstanceID: a721cea2-5ed6-46bd-bede-48b67651e0d2
An exception of type 'System.TypeInitializationException' occurred and was caught.
----------------------------------------------------------------------------------
02/22/2016 11:34:08
Type : System.TypeInitializationException, mscorlib, Version=4.0.0.0, Culture=neutral, PublicKeyToken=b77a5c561934e089
Message : The type initializer for 'Telerik.Sitefinity.Localization.Res' threw an exception.
Source : Unity_ILEmit_DynamicClasses
Help link : 
TypeName : Telerik.Sitefinity.Localization.Res
Data : System.Collections.ListDictionaryInternal
TargetSite : Void Initialize(System.String, System.Collections.Specialized.NameValueCollection, System.Type)
HResult : -2146233036
Stack Trace :    at DynamicModule.ns.Wrapped_OpenAccessMetaDataProvider_11f3167a0981431cb0330c7e382f6ffc.Initialize(String providerName, NameValueCollection config, Type managerType)
   at Telerik.Sitefinity.Data.ManagerBase`1.InstantiateProvider(IDataProviderSettings providerSettings, Type providerType, ExceptionPolicyName policy, ManagerBase`1 manager)

Additional Info:

MachineName : RETSINA
TimeStamp : 2/22/2016 10:34:08 AM
FullName : Telerik.Sitefinity.Utilities, Version=8.2.5900.0, Culture=neutral, PublicKeyToken=b28c218413bdf563
AppDomainName : 90c8119-2-131006108425321777
ThreadIdentity : FENETRE\jessek
WindowsIdentity : FENETRE\jessek
	Inner Exception
	---------------
	Type : System.NullReferenceException, mscorlib, Version=4.0.0.0, Culture=neutral, PublicKeyToken=b77a5c561934e089
	Message : Object reference not set to an instance of an object.
	Source : Telerik.Sitefinity
	Help link : 
	Data : System.Collections.ListDictionaryInternal
	TargetSite : Void VerifySectionRegistered(System.Type, System.String)
	HResult : -2147467261
	Stack Trace :    at Telerik.Sitefinity.Configuration.Config.VerifySectionRegistered(Type sectionType, String sectionName)
	   at Telerik.Sitefinity.Configuration.Config.GetSectionInternal(Type sectionType, Boolean safeMode, String sectionName)
	   at Telerik.Sitefinity.Configuration.Config.GetSectionPrivate(Type sectionType, Boolean safeMode, String sectionName)
	   at Telerik.Sitefinity.Configuration.Config.GetSectionPrivate[TSection](Boolean safeMode)
	   at Telerik.Sitefinity.Localization.ResourceManager.get_ProvidersSettings()
	   at Telerik.Sitefinity.Data.ManagerBase`1.GetProvidersSettings()
	   at Telerik.Sitefinity.Data.ManagerBase`1.Initialize()
	   at Telerik.Sitefinity.Data.ManagerBase`1..ctor(String providerName, String transactionName)
	   at Telerik.Sitefinity.Localization.ResourceManager..ctor()
	   at Telerik.Sitefinity.Localization.Res..cctor()



Category: ErrorLog

Priority: 0

EventId: 90030

Severity: Error

Title:Enterprise Library Exception Handling

Machine: RETSINA

App Domain: 90c8119-2-131006108425321777

ProcessId: 13144

Process Name: C:\Program Files (x86)\Microsoft Visual Studio 12.0\Common7\IDE\Microsoft.VisualStudio.Web.Host.exe

Thread Name: 

Win32 ThreadId:7268

Extended Properties: 
----------------------------------------
----------------------------------------
Timestamp: 2/22/2016 10:34:08 AM

Message: HandlingInstanceID: 426d3375-290b-4d1f-a96c-d835f172b0ad
An exception of type 'System.TypeInitializationException' occurred and was caught.
----------------------------------------------------------------------------------
02/22/2016 11:34:08
Type : System.TypeInitializationException, mscorlib, Version=4.0.0.0, Culture=neutral, PublicKeyToken=b77a5c561934e089
Message : The type initializer for 'Telerik.Sitefinity.Localization.Res' threw an exception.
Source : Unity_ILEmit_DynamicClasses
Help link : 
TypeName : Telerik.Sitefinity.Localization.Res
Data : System.Collections.ListDictionaryInternal
TargetSite : Void Initialize(System.String, System.Collections.Specialized.NameValueCollection, System.Type)
HResult : -2146233036
Stack Trace :    at DynamicModule.ns.Wrapped_OpenAccessMetaDataProvider_11f3167a0981431cb0330c7e382f6ffc.Initialize(String providerName, NameValueCollection config, Type managerType)
   at Telerik.Sitefinity.Data.ManagerBase`1.InstantiateProvider(IDataProviderSettings providerSettings, Type providerType, ExceptionPolicyName policy, ManagerBase`1 manager)

Additional Info:

MachineName : RETSINA
TimeStamp : 2/22/2016 10:34:08 AM
FullName : Telerik.Sitefinity.Utilities, Version=8.2.5900.0, Culture=neutral, PublicKeyToken=b28c218413bdf563
AppDomainName : 90c8119-2-131006108425321777
ThreadIdentity : FENETRE\jessek
WindowsIdentity : FENETRE\jessek
	Inner Exception
	---------------
	Type : System.NullReferenceException, mscorlib, Version=4.0.0.0, Culture=neutral, PublicKeyToken=b77a5c561934e089
	Message : Object reference not set to an instance of an object.
	Source : Telerik.Sitefinity
	Help link : 
	Data : System.Collections.ListDictionaryInternal
	TargetSite : Void VerifySectionRegistered(System.Type, System.String)
	HResult : -2147467261
	Stack Trace :    at Telerik.Sitefinity.Configuration.Config.VerifySectionRegistered(Type sectionType, String sectionName)
	   at Telerik.Sitefinity.Configuration.Config.GetSectionInternal(Type sectionType, Boolean safeMode, String sectionName)
	   at Telerik.Sitefinity.Configuration.Config.GetSectionPrivate(Type sectionType, Boolean safeMode, String sectionName)
	   at Telerik.Sitefinity.Configuration.Config.GetSectionPrivate[TSection](Boolean safeMode)
	   at Telerik.Sitefinity.Localization.ResourceManager.get_ProvidersSettings()
	   at Telerik.Sitefinity.Data.ManagerBase`1.GetProvidersSettings()
	   at Telerik.Sitefinity.Data.ManagerBase`1.Initialize()
	   at Telerik.Sitefinity.Data.ManagerBase`1..ctor(String providerName, String transactionName)
	   at Telerik.Sitefinity.Localization.ResourceManager..ctor()
	   at Telerik.Sitefinity.Localization.Res..cctor()



Category: ErrorLog

Priority: 0

EventId: 90030

Severity: Error

Title:Enterprise Library Exception Handling

Machine: RETSINA

App Domain: 90c8119-2-131006108425321777

ProcessId: 13144

Process Name: C:\Program Files (x86)\Microsoft Visual Studio 12.0\Common7\IDE\Microsoft.VisualStudio.Web.Host.exe

Thread Name: 

Win32 ThreadId:7268

Extended Properties: 
----------------------------------------
